<?xml version="1.0" encoding="UTF-8" ?>
<testsuite failures="0" time="0.056" errors="1" skipped="0" tests="2" name="org.sejda.core.notification.NotificationContextTest">
  <properties>
[...]
</properties>
  <testcase time="0.018" classname="org.sejda.core.notification.NotificationContextTest" name="testAddAndClear"/>
  <testcase time="0.032" classname="org.sejda.core.notification.NotificationContextTest" name="testNotificationContextNotify">
    <error message="Unable to find default configuration file default-sejda-config.xml in classpath." type="org.sejda.core.exception.SejdaRuntimeException">org.sejda.core.exception.SejdaRuntimeException: Unable to find default configuration file default-sejda-config.xml in classpath.
	at org.sejda.core.configuration.GlobalConfiguration.initialize(GlobalConfiguration.java:65)
	at org.sejda.core.configuration.GlobalConfiguration.&lt;init&gt;(GlobalConfiguration.java:58)
	at org.sejda.core.configuration.GlobalConfiguration.getInstance(GlobalConfiguration.java:115)
	at org.sejda.core.context.AbstractApplicationContext.getNotificationStrategy(AbstractApplicationContext.java:33)
	at org.sejda.core.notification.AbstractNotificationContext.notifyListeners(AbstractNotificationContext.java:44)
	at org.sejda.core.notification.NotificationContextTest.testNotificationContestNotify(NotificationContextTest.java:66)
	at org.sejda.core.notification.NotificationContextTest.testNotificationContextNotify(NotificationContextTest.java:57)
	at sun.reflect.NativeMethodAccessorImpl.invoke0(Native Method)
	at sun.reflect.NativeMethodAccessorImpl.invoke(NativeMethodAccessorImpl.java:39)
	at sun.reflect.DelegatingMethodAccessorImpl.invoke(DelegatingMethodAccessorImpl.java:25)
	at java.lang.reflect.Method.invoke(Method.java:597)
	at org.junit.runners.model.FrameworkMethod$1.runReflectiveCall(FrameworkMethod.java:44)
	at org.junit.internal.runners.model.ReflectiveCallable.run(ReflectiveCallable.java:15)
	at org.junit.runners.model.FrameworkMethod.invokeExplosively(FrameworkMethod.java:41)
	at org.junit.internal.runners.statements.InvokeMethod.evaluate(InvokeMethod.java:20)
	at org.junit.internal.runners.statements.RunBefores.evaluate(RunBefores.java:28)
	at org.junit.runners.BlockJUnit4ClassRunner.runChild(BlockJUnit4ClassRunner.java:76)
	at org.junit.runners.BlockJUnit4ClassRunner.runChild(BlockJUnit4ClassRunner.java:50)
	at org.junit.runners.ParentRunner$3.run(ParentRunner.java:193)
	at org.junit.runners.ParentRunner$1.schedule(ParentRunner.java:52)
	at org.junit.runners.ParentRunner.runChildren(ParentRunner.java:191)
	at org.junit.runners.ParentRunner.access$000(ParentRunner.java:42)
	at org.junit.runners.ParentRunner$2.evaluate(ParentRunner.java:184)
	at org.junit.runners.ParentRunner.run(ParentRunner.java:236)
	at org.apache.maven.surefire.junit4.JUnit4TestSet.execute(JUnit4TestSet.java:62)
	at org.apache.maven.surefire.suite.AbstractDirectoryTestSuite.executeTestSet(AbstractDirectoryTestSuite.java:140)
	at org.apache.maven.surefire.suite.AbstractDirectoryTestSuite.execute(AbstractDirectoryTestSuite.java:127)
	at org.apache.maven.surefire.Surefire.run(Surefire.java:177)
	at sun.reflect.NativeMethodAccessorImpl.invoke0(Native Method)
	at sun.reflect.NativeMethodAccessorImpl.invoke(NativeMethodAccessorImpl.java:39)
	at sun.reflect.DelegatingMethodAccessorImpl.invoke(DelegatingMethodAccessorImpl.java:25)
	at java.lang.reflect.Method.invoke(Method.java:597)
	at org.apache.maven.surefire.booter.SurefireBooter.runSuitesInProcess(SurefireBooter.java:345)
	at org.apache.maven.surefire.booter.SurefireBooter.main(SurefireBooter.java:1009)
</error>
  </testcase>
</testsuite>